Arguments: 
  /home/daniel/.nvm/versions/node/v14.15.0/bin/node /home/daniel/.nvm/versions/node/v14.15.0/bin/yarn init

PATH: 
  /home/daniel/.nvm/versions/node/v14.15.0/bin:/usr/local/sbin:/usr/local/bin:/usr/sbin:/usr/bin:/sbin:/bin:/usr/games:/usr/local/games:/snap/bin

Yarn version: 
  1.22.17

Node version: 
  14.15.0

Platform: 
  linux x64

Trace: 
  Error: canceled
      at Interface.<anonymous> (/home/daniel/.nvm/versions/node/v14.15.0/lib/node_modules/yarn/lib/cli.js:137143:13)
      at Interface.emit (events.js:315:20)
      at Interface._ttyWrite (readline.js:875:16)
      at ReadStream.onkeypress (readline.js:213:10)
      at ReadStream.emit (events.js:315:20)
      at emitKeys (internal/readline/utils.js:345:14)
      at emitKeys.next (<anonymous>)
      at ReadStream.onData (readline.js:1144:36)
      at ReadStream.emit (events.js:315:20)
      at addChunk (_stream_readable.js:309:12)

npm manifest: 
  {
    "name": "blog-do-codigo",
    "version": "1.0.0",
    "description": "Um blog simples em Node.js",
    "main": "server.js",
    "scripts": {
      "start": "nodemon server.js",
      "test": "echo \"Error: no test specified\" && exit 1"
    },
    "license": "ISC",
    "dependencies": {
      "bcrypt": "^3.0.8",
      "body-parser": "^1.19.0",
      "dotenv": "^8.2.0",
      "express": "^4.17.1",
      "jsonwebtoken": "^8.5.1",
      "nodemon": "^2.0.2",
      "passport": "^0.4.1",
      "passport-http-bearer": "^1.0.1",
      "passport-local": "^1.0.0",
      "redis": "^3.0.2",
      "sqlite3": "^4.1.1"
    }
  }

yarn manifest: 
  No manifest

Lockfile: 
  No lockfile
